<?xml version="1.0" encoding="UTF-8"?>
<!-- Generated by org.testng.reporters.JUnitReportReporter -->
<testsuite hostname="DESKTOP-H8PK7MM" failures="0" tests="1" name="testCases.TC001_AccountRegistrationTest" time="2.157" errors="0" timestamp="2024-11-04T16:23:15 IST" skipped="0">
  <testcase classname="testCases.TC001_AccountRegistrationTest" name="verify_account_registration" time="2.157"/>
</testsuite> <!-- testCases.TC001_AccountRegistrationTest -->
