<?xml version="1.0" encoding="UTF-8"?>
<!-- Generated by org.testng.reporters.JUnitReportReporter -->
<testsuite hostname="DESKTOP-H8PK7MM" failures="0" tests="6" name="testCases.TC003_LoginDDT" time="27.959" errors="0" timestamp="2024-11-04T16:16:45 IST" skipped="0">
  <testcase classname="testCases.TC003_LoginDDT" name="verify_loginDDT" time="10.967"/>
  <testcase classname="testCases.TC003_LoginDDT" name="verify_loginDDT" time="1.552"/>
  <testcase classname="testCases.TC003_LoginDDT" name="verify_loginDDT" time="1.508"/>
  <testcase classname="testCases.TC003_LoginDDT" name="verify_loginDDT" time="1.419"/>
  <testcase classname="testCases.TC003_LoginDDT" name="verify_loginDDT" time="1.693"/>
  <testcase classname="testCases.TC003_LoginDDT" name="verify_loginDDT" time="10.820"/>
</testsuite> <!-- testCases.TC003_LoginDDT -->
